2017-07-14 12:38:21,972: 1 INFO  – 
2017-07-14 12:38:21,988: 1 INFO  – ***************
2017-07-14 12:38:21,989: 1 INFO  – 
2017-07-14 12:38:21,992: 1 INFO  – Citrix Health Assistant v1.2.0.34
2017-07-14 12:38:21,993: 1 INFO  – 
2017-07-14 12:38:21,994: 1 INFO  – ***************
2017-07-14 12:38:21,995: 1 INFO  – 
2017-07-14 12:52:57,308: 1 INFO  – 
2017-07-14 12:52:57,323: 1 INFO  – ***************
2017-07-14 12:52:57,324: 1 INFO  – 
2017-07-14 12:52:57,327: 1 INFO  – Citrix Health Assistant v1.2.0.34
2017-07-14 12:52:57,329: 1 INFO  – 
2017-07-14 12:52:57,331: 1 INFO  – ***************
2017-07-14 12:52:57,333: 1 INFO  – 
2017-07-14 12:52:59,744: 9 INFO  – 
2017-07-14 12:52:59,834: 9 INFO  – Start VDA health check...
2017-07-14 12:52:59,857: 9 INFO  – >>>>Step 1: (VDA software installation)  Begin. <<<<
2017-07-14 12:52:59,921: 9 ERROR – Exception details : Value cannot be null.
Parameter name: format.
2017-07-14 12:52:59,924: 9 ERROR – VDA software image is not found at path .
2017-07-14 12:52:59,926: 9 INFO  – [UI Message] VDA software not installed.  Install Citrix Virtual Delivery Agent software.
2017-07-14 12:52:59,929: 9 INFO  – <<<< Step 1: VDA software installation End. Test Error. >>>>
2017-07-14 12:52:59,932: 9 INFO  – One or more tests failed. Review the results and recommended actions for the failed test. Then run the health check again.
2017-07-14 12:53:00,502: 1 INFO  – Start uploading log to Citrix Insight Service...
2017-07-14 12:53:03,409: 1 DEBUG – Log data (1193 of 1193 bytes) successfully uploaded.
2017-07-14 12:53:03,412: 1 INFO  – Successfully uploaded log to Citrix Insight Service.
2017-07-14 12:53:03,418: 1 DEBUG – Citrix Insight Service upload id is f50ae808-8a7f-47ba-9b1e-11f4c8ff0de8.
2017-07-17 10:05:28,894: 1 INFO  – 
2017-07-17 10:05:28,909: 1 INFO  – ***************
2017-07-17 10:05:28,910: 1 INFO  – 
2017-07-17 10:05:28,913: 1 INFO  – Citrix Health Assistant v1.2.0.34
2017-07-17 10:05:28,914: 1 INFO  – 
2017-07-17 10:05:28,915: 1 INFO  – ***************
2017-07-17 10:05:28,916: 1 INFO  – 
2017-07-17 10:05:42,231: 7 INFO  – 
2017-07-17 10:05:42,253: 7 INFO  – Start VDA health check...
2017-07-17 10:05:42,256: 7 INFO  – >>>>Step 1: (VDA software installation)  Begin. <<<<
2017-07-17 10:05:42,263: 7 ERROR – Exception details : Value cannot be null.
Parameter name: format.
2017-07-17 10:05:42,265: 7 ERROR – VDA software image is not found at path .
2017-07-17 10:05:42,269: 7 INFO  – [UI Message] VDA software not installed.  Install Citrix Virtual Delivery Agent software.
2017-07-17 10:05:42,271: 7 INFO  – <<<< Step 1: VDA software installation End. Test Error. >>>>
2017-07-17 10:05:42,274: 7 INFO  – One or more tests failed. Review the results and recommended actions for the failed test. Then run the health check again.
2017-07-17 10:05:42,774: 1 INFO  – Start uploading log to Citrix Insight Service...
2017-07-17 10:05:45,836: 1 DEBUG – Log data (1193 of 1193 bytes) successfully uploaded.
2017-07-17 10:05:45,839: 1 INFO  – Successfully uploaded log to Citrix Insight Service.
2017-07-17 10:05:45,846: 1 DEBUG – Citrix Insight Service upload id is f0389f76-4025-420d-99e9-1ab769888d66.
2017-07-17 10:14:18,827: 1 INFO  – 
2017-07-17 10:14:18,869: 1 INFO  – ***************
2017-07-17 10:14:18,886: 1 INFO  – 
2017-07-17 10:14:18,903: 1 INFO  – Citrix Health Assistant v1.2.0.34
2017-07-17 10:14:18,916: 1 INFO  – 
2017-07-17 10:14:18,927: 1 INFO  – ***************
2017-07-17 10:14:18,941: 1 INFO  – 
2017-07-17 10:14:20,362: 1 ERROR – Exception details : The process cannot access the file 'Z:\Citrix\Temporal\Oriol_Agullo\TSB Tools\Citrix Health Assistant\CitrixHealthAssistant.exe.Config' because it is being used by another process..
2017-07-17 10:15:07,240: 1 DEBUG – Ping host wcpnhidsd001.tsb.banks.adgbs.com result is Success.
2017-07-17 10:15:09,904: 7 INFO  – 
2017-07-17 10:15:09,915: 7 INFO  – Start VDA health remote check...
2017-07-17 10:15:11,048: 7 DEBUG – Copy file CitrixHealthAssistant.exe successfully.
2017-07-17 10:15:11,402: 7 DEBUG – Copy file CitrixHealthAssistant.exe.config successfully.
2017-07-17 10:15:11,772: 7 DEBUG – Copy file Interop.NetFwTypeLib.dll successfully.
2017-07-17 10:15:12,348: 7 DEBUG – Copy file log4net.dll successfully.
2017-07-17 10:15:12,900: 7 DEBUG – Copy file VDAAssistant.Backend.dll successfully.
2017-07-17 10:15:13,271: 7 DEBUG – Copy file VDAAssistant.CommonInterface.dll successfully.
2017-07-17 10:15:13,680: 7 DEBUG – Copy file VDAAssistant.UILibrary.dll successfully.
2017-07-17 10:15:14,047: 7 DEBUG – Copy file log4net.config successfully.
2017-07-17 10:15:41,948: 7 DEBUG – Remove file \\wcpnhidsd001.tsb.banks.adgbs.com\Admin$\Temp\CitrixHealthAssistant.exe successfully.
2017-07-17 10:15:42,300: 7 DEBUG – Remove file \\wcpnhidsd001.tsb.banks.adgbs.com\Admin$\Temp\CitrixHealthAssistant.exe.config successfully.
2017-07-17 10:15:42,651: 7 DEBUG – Remove file \\wcpnhidsd001.tsb.banks.adgbs.com\Admin$\Temp\Interop.NetFwTypeLib.dll successfully.
2017-07-17 10:15:43,002: 7 DEBUG – Remove file \\wcpnhidsd001.tsb.banks.adgbs.com\Admin$\Temp\log4net.dll successfully.
2017-07-17 10:15:43,367: 7 DEBUG – Remove file \\wcpnhidsd001.tsb.banks.adgbs.com\Admin$\Temp\VDAAssistant.Backend.dll successfully.
2017-07-17 10:15:43,723: 7 DEBUG – Remove file \\wcpnhidsd001.tsb.banks.adgbs.com\Admin$\Temp\VDAAssistant.CommonInterface.dll successfully.
2017-07-17 10:15:44,080: 7 DEBUG – Remove file \\wcpnhidsd001.tsb.banks.adgbs.com\Admin$\Temp\VDAAssistant.UILibrary.dll successfully.
2017-07-17 10:15:44,426: 7 DEBUG – Remove file \\wcpnhidsd001.tsb.banks.adgbs.com\Admin$\Temp\log4net.config successfully.
2017-07-17 10:15:44,832: 7 DEBUG – Remove file CitrixHealthAssistant.log successfully.
2017-07-17 10:15:48,725: 7 INFO  – All tests passed. The VDA can communicate and register with the Controller.
2017-07-17 10:15:49,082: 1 INFO  – Start uploading log to Citrix Insight Service...
2017-07-17 10:15:49,581: 1 DEBUG – Log data (0 of 0) bytes unsuccessfully uploaded.
2017-07-17 10:15:49,590: 1 INFO  – Failed to uploaded log to Citrix Insight Service.
2017-08-04 09:47:59,591: 1 INFO  – 
2017-08-04 09:47:59,614: 1 INFO  – ***************
2017-08-04 09:47:59,615: 1 INFO  – 
2017-08-04 09:47:59,618: 1 INFO  – Citrix Health Assistant v1.2.0.34
2017-08-04 09:47:59,619: 1 INFO  – 
2017-08-04 09:47:59,620: 1 INFO  – ***************
2017-08-04 09:47:59,621: 1 INFO  – 
2017-09-18 08:49:01,887: 1 INFO  – 
2017-09-18 08:49:02,382: 1 INFO  – ***************
2017-09-18 08:49:02,689: 1 INFO  – 
2017-09-18 08:49:02,959: 1 INFO  – Citrix Health Assistant v1.2.0.34
2017-09-18 08:49:03,186: 1 INFO  – 
2017-09-18 08:49:03,335: 1 INFO  – ***************
2017-09-18 08:49:03,504: 1 INFO  – 
2017-09-18 08:49:45,465: 1 ERROR – Exception details : An exception occurred during a Ping request..
2017-09-18 08:50:31,239: 1 DEBUG – Ping host WCPNHIDSD129.tsb.banks.adgbs.com result is TimedOut.
2017-09-18 08:52:13,796: 1 DEBUG – Ping host WCPNHIDSD129.tsb.banks.adgbs.com result is Success.
2017-09-18 08:52:14,508: 1 ERROR – Test credential to Machine WCPNHIDSD129.tsb.banks.adgbs.com failed! - Error: Acceso denegado. (Exception from HRESULT: 0x80070005 (E_ACCESSDENIED))
2017-09-18 08:52:33,704: 1 DEBUG – Ping host WCPNHIDSD129.tsb.banks.adgbs.com result is Success.
2017-09-18 08:52:38,196: 7 INFO  – 
2017-09-18 08:52:38,491: 7 INFO  – Start VDA health remote check...
2017-09-18 08:52:39,993: 7 DEBUG – Copy file CitrixHealthAssistant.exe successfully.
2017-09-18 08:52:40,746: 7 DEBUG – Copy file CitrixHealthAssistant.exe.config successfully.
2017-09-18 08:52:41,333: 7 DEBUG – Copy file Interop.NetFwTypeLib.dll successfully.
2017-09-18 08:52:42,124: 7 DEBUG – Copy file log4net.dll successfully.
2017-09-18 08:52:42,919: 7 DEBUG – Copy file VDAAssistant.Backend.dll successfully.
2017-09-18 08:52:43,469: 7 DEBUG – Copy file VDAAssistant.CommonInterface.dll successfully.
2017-09-18 08:52:44,317: 7 DEBUG – Copy file VDAAssistant.UILibrary.dll successfully.
2017-09-18 08:52:44,853: 7 DEBUG – Copy file log4net.config successfully.
2017-09-18 08:52:53,328: 7 DEBUG – Remove file \\WCPNHIDSD129.tsb.banks.adgbs.com\Admin$\Temp\CitrixHealthAssistant.exe successfully.
2017-09-18 08:52:54,625: 7 DEBUG – Remove file \\WCPNHIDSD129.tsb.banks.adgbs.com\Admin$\Temp\CitrixHealthAssistant.exe.config successfully.
2017-09-18 08:52:55,206: 7 DEBUG – Remove file \\WCPNHIDSD129.tsb.banks.adgbs.com\Admin$\Temp\Interop.NetFwTypeLib.dll successfully.
2017-09-18 08:52:56,040: 7 DEBUG – Remove file \\WCPNHIDSD129.tsb.banks.adgbs.com\Admin$\Temp\log4net.dll successfully.
2017-09-18 08:52:56,876: 7 DEBUG – Remove file \\WCPNHIDSD129.tsb.banks.adgbs.com\Admin$\Temp\VDAAssistant.Backend.dll successfully.
2017-09-18 08:52:57,773: 7 DEBUG – Remove file \\WCPNHIDSD129.tsb.banks.adgbs.com\Admin$\Temp\VDAAssistant.CommonInterface.dll successfully.
2017-09-18 08:52:58,292: 7 DEBUG – Remove file \\WCPNHIDSD129.tsb.banks.adgbs.com\Admin$\Temp\VDAAssistant.UILibrary.dll successfully.
2017-09-18 08:52:58,743: 7 DEBUG – Remove file \\WCPNHIDSD129.tsb.banks.adgbs.com\Admin$\Temp\log4net.config successfully.
2017-09-18 08:52:59,474: 7 DEBUG – Remove file CitrixHealthAssistant.log successfully.
2017-09-18 08:53:03,699: 7 INFO  – All tests passed. The VDA can communicate and register with the Controller.
2017-09-18 08:53:04,636: 1 INFO  – Start uploading log to Citrix Insight Service...
2017-09-18 08:53:05,382: 1 DEBUG – Log data (0 of 0) bytes unsuccessfully uploaded.
2017-09-18 08:53:05,623: 1 INFO  – Failed to uploaded log to Citrix Insight Service.
2017-09-18 09:01:48,007: 1 INFO  – 
2017-09-18 09:01:48,179: 1 INFO  – ***************
2017-09-18 09:01:48,257: 1 INFO  – 
2017-09-18 09:01:48,539: 1 INFO  – Citrix Health Assistant v1.2.0.34
2017-09-18 09:01:48,757: 1 INFO  – 
2017-09-18 09:01:48,914: 1 INFO  – ***************
2017-09-18 09:01:49,273: 1 INFO  – 
2017-09-18 09:02:13,798: 1 ERROR – Exception details : An exception occurred during a Ping request..
2017-10-02 09:18:17,452: 1 INFO  – 
2017-10-02 09:18:17,484: 1 INFO  – ***************
2017-10-02 09:18:17,499: 1 INFO  – 
2017-10-02 09:18:17,499: 1 INFO  – Citrix Health Assistant v1.2.0.34
2017-10-02 09:18:17,515: 1 INFO  – 
2017-10-02 09:18:17,531: 1 INFO  – ***************
2017-10-02 09:18:17,531: 1 INFO  – 
2017-10-02 09:18:59,877: 6 INFO  – 
2017-10-02 09:18:59,877: 6 INFO  – Start VDA health check...
2017-10-02 09:18:59,986: 6 INFO  – >>>>Step 1: (VDA software installation)  Begin. <<<<
2017-10-02 09:19:00,002: 6 INFO  – VDA image path is C:\Program Files\Citrix\Virtual Desktop Agent\BrokerAgent.exe.
2017-10-02 09:19:00,018: 6 INFO  – VDA version number is 7.15.0.82.
2017-10-02 09:19:00,049: 6 INFO  – Registry path at HKEY_LOCAL_MACHINE\SOFTWARE\Citrix\VirtualDesktopAgent is fine.
2017-10-02 09:19:00,065: 6 INFO  – Registry path at HKEY_LOCAL_MACHINE\SOFTWARE\Citrix\VirtualDesktopAgent\InstallData\Location is fine.
2017-10-02 09:19:00,080: 6 INFO  – [UI Message] VDA software installation verified.
2017-10-02 09:19:00,112: 6 INFO  – <<<< Step 1: VDA software installation End. Test Success. >>>>
2017-10-02 09:19:00,143: 6 INFO  – >>>>Step 2: (VDA machine domain membership)  Begin. <<<<
2017-10-02 09:19:00,190: 6 DEBUG – DNS Lookup():
2017-10-02 09:19:00,221: 6 DEBUG – Host Name  = xapbsv3000d.adgbs.com
2017-10-02 09:19:00,237: 6 INFO  – VDA Machine:
2017-10-02 09:19:00,252: 6 DEBUG – NetBIOS Name = XAPBSV3000D
2017-10-02 09:19:00,268: 6 INFO  – OS Version = Microsoft Windows NT 6.1.7601 Service Pack 1
2017-10-02 09:19:00,284: 6 INFO  – Platform = X64 Platform
2017-10-02 09:19:00,315: 6 DEBUG – Computer Domain: adgbs.com
2017-10-02 09:19:00,330: 6 DEBUG – Role = Member Server
2017-10-02 09:19:00,409: 6 DEBUG – Membership is Verified, SID:S-1-5-21-624012844-1664813860-2015929664-291485
2017-10-02 09:19:00,424: 6 DEBUG – Machine domain membership and DNS resolution verified.Machine SID retrieved.
2017-10-02 09:19:00,440: 6 INFO  – [UI Message] Machine domain membership and DNS resolution verified.Machine SID retrieved successfully.
2017-10-02 09:19:00,455: 6 INFO  – <<<< Step 2: VDA machine domain membership End. Test Success. >>>>
2017-10-02 09:19:00,455: 6 INFO  – >>>>Step 3: (VDA communication port availability)  Begin. <<<<
2017-10-02 09:19:00,690: 6 INFO  – [UI Message] Re-run test as administrator.
2017-10-02 09:19:00,706: 6 INFO  – <<<< Step 3: VDA communication port availability End. Test Error. >>>>
2017-10-02 09:19:00,721: 6 INFO  – >>>>Step 4: (VDA services status)  Begin. <<<<
2017-10-02 09:19:00,737: 6 INFO  – OS VDA related services check.
2017-10-02 09:19:00,752: 6 DEBUG – Service : BrokerAgent ("Citrix Desktop Service")
2017-10-02 09:19:00,768: 6 DEBUG – Status = Win32OwnProcess, Running
2017-10-02 09:19:00,784: 6 INFO  – Prereq =
2017-10-02 09:19:00,799: 6 DEBUG – LanmanWorkstation (Win32ShareProcess), Running
2017-10-02 09:19:00,799: 6 INFO  – Service : BrokerAgent is running
2017-10-02 09:19:00,831: 6 INFO  – VDA machine region time is 02/10/2017 9:19:00
2017-10-02 09:19:01,237: 6 INFO  – A number of importent errors/warning(1) have been logged into the event log in the last -5 minutes, please check the logs for more details.
2017-10-02 09:19:01,284: 6 INFO  – [UI Message] All VDA services are running No VDA service errors were found in the event log for the past five minutes.
2017-10-02 09:19:01,300: 6 INFO  – <<<< Step 4: VDA services status End. Test Success. >>>>
2017-10-02 09:19:01,315: 6 INFO  – >>>>Step 5: (Windows firewall configuration)  Begin. <<<<
2017-10-02 09:19:01,331: 6 INFO  – Detected that Windows Firewall service is not runnning. Skipping firewall check.
2017-10-02 09:19:01,331: 6 INFO  – [UI Message] The Windows Firewall Service allows communication between the VDA and the Controller.
2017-10-02 09:19:01,347: 6 INFO  – <<<< Step 5: Windows firewall configuration End. Test Success. >>>>
2017-10-02 09:19:01,362: 6 INFO  – >>>>Step 6: (Communication with Controller)  Begin. <<<<
2017-10-02 09:19:01,378: 6 INFO  – Found 0 hosts in hosts file.
2017-10-02 09:19:01,393: 6 DEBUG – Farm GUID (local) : NOT SET
2017-10-02 09:19:01,409: 6 DEBUG – Farm GUID In Use : NOT SET
2017-10-02 09:19:01,409: 6 INFO  – Find farm Guid doesn't Exist.
2017-10-02 09:19:01,425: 6 INFO  – not find any Controller in [VdaData].
2017-10-02 09:19:01,440: 6 INFO  – Registry based Controller list (ListOfDDCs) :
2017-10-02 09:19:01,456: 6 INFO  – Number of Controller is 0
2017-10-02 09:19:01,472: 6 INFO  – [UI Message] ListOfDDC's is empty. From the Windows feature for removing or changing programs, reconfigure the VDA, adding one or more Controller addresses.
2017-10-02 09:19:01,472: 6 INFO  – <<<< Step 6: Communication with Controller End. Test Error. >>>>
2017-10-02 09:19:01,487: 6 INFO  – >>>>Step 7: (Time sync with Controller)  Begin. <<<<
2017-10-02 09:19:01,503: 6 INFO  – [UI Message] 
2017-10-02 09:19:01,518: 6 INFO  – <<<< Step 7: Time sync with Controller End. Test Error. >>>>
2017-10-02 09:19:01,534: 6 INFO  – >>>>Step 8: (VDA registration status)  Begin. <<<<
2017-10-02 09:19:01,534: 6 DEBUG – Registration key path at  HKEY_LOCAL_MACHINE\SOFTWARE\Citrix\VirtualDesktopAgent\State\Registered is not correct.
2017-10-02 09:19:01,550: 6 INFO  – [UI Message] VDA is not registered.If all previous checks were successful, please contact Citrix Technical Support for help.
2017-10-02 09:19:01,565: 6 INFO  – <<<< Step 8: VDA registration status End. Test Error. >>>>
2017-10-02 09:19:01,581: 6 INFO  – >>>>Step 9: (Session launch communication port availability)  Begin. <<<<
2017-10-02 09:19:01,644: 6 INFO  – [UI Message] Re-run test as administrator.
2017-10-02 09:19:01,659: 6 INFO  – <<<< Step 9: Session launch communication port availability End. Test Error. >>>>
2017-10-02 09:19:01,675: 6 INFO  – >>>>Step 10: (Session launch services status)  Begin. <<<<
2017-10-02 09:19:01,690: 6 INFO  – OS VDA session launch related services check.
2017-10-02 09:19:01,706: 6 DEBUG – Service : Citrix Encryption Service ("Citrix Encryption Service")
2017-10-02 09:19:01,706: 6 DEBUG – Status = Win32OwnProcess, Running
2017-10-02 09:19:01,722: 6 INFO  – Service : Citrix Encryption Service is running
2017-10-02 09:19:01,737: 6 DEBUG – Service : cpsvc ("Citrix Print Manager Service")
2017-10-02 09:19:01,753: 6 DEBUG – Status = Win32OwnProcess, Running
2017-10-02 09:19:01,753: 6 INFO  – Prereq =
2017-10-02 09:19:01,769: 6 DEBUG – RpcSs (Win32ShareProcess), Running
2017-10-02 09:19:01,784: 6 DEBUG – Spooler (Win32OwnProcess, InteractiveProcess), Running
2017-10-02 09:19:01,784: 6 INFO  – Service : cpsvc is running
2017-10-02 09:19:01,894: 6 INFO  – VDA ProvisioningType is not MCS.
2017-10-02 09:19:01,909: 6 INFO  – OS VDA session launch related services check.
2017-10-02 09:19:01,909: 6 DEBUG – Service : CtxFlashSvc ("Servicio Citrix HDX MediaStream para Flash")
2017-10-02 09:19:01,925: 6 DEBUG – Status = Win32OwnProcess, Running
2017-10-02 09:19:01,941: 6 INFO  – Service : CtxFlashSvc is running
2017-10-02 09:19:01,956: 6 DEBUG – Service : CitrixCseEngine ("Citrix Group Policy Engine")
2017-10-02 09:19:01,956: 6 DEBUG – Status = Win32OwnProcess, Running
2017-10-02 09:19:01,972: 6 INFO  – Prereq =
2017-10-02 09:19:01,987: 6 DEBUG – RpcSs (Win32ShareProcess), Running
2017-10-02 09:19:02,003: 6 INFO  – Service : CitrixCseEngine is running
2017-10-02 09:19:02,019: 6 INFO  – VDA machine region time is 02/10/2017 9:19:02
2017-10-02 09:19:02,066: 6 INFO  – [UI Message] All session launch related services are verified on VDA. No service errors were found in the event log for the past five minutes.
2017-10-02 09:19:02,081: 6 INFO  – <<<< Step 10: Session launch services status End. Test Success. >>>>
2017-10-02 09:19:02,081: 6 INFO  – >>>>Step 11: (Session launch windows firewall configuration)  Begin. <<<<
2017-10-02 09:19:02,097: 6 INFO  – Detected that Windows Firewall service is not runnning. Skipping firewall check.
2017-10-02 09:19:02,112: 6 INFO  – Detected that Windows Firewall service is not runnning. Skipping firewall check.
2017-10-02 09:19:02,128: 6 INFO  – [UI Message] The Windows Firewall Service allows communication between the VDA and the Controller.
2017-10-02 09:19:02,128: 6 INFO  – <<<< Step 11: Session launch windows firewall configuration End. Test Success. >>>>
2017-10-02 09:19:02,144: 6 INFO  – One or more tests failed. Review the results and recommended actions for the failed test. Then run the health check again.
2017-10-02 09:19:02,441: 1 INFO  – Start uploading log to Citrix Insight Service...
2017-10-02 09:19:23,591: 1 DEBUG – Log data (0 of 0) bytes unsuccessfully uploaded.
2017-10-02 09:19:23,607: 1 INFO  – Failed to uploaded log to Citrix Insight Service.
2017-10-02 09:23:18,478: 1 INFO  – 
2017-10-02 09:23:18,494: 1 INFO  – ***************
2017-10-02 09:23:18,509: 1 INFO  – 
2017-10-02 09:23:18,509: 1 INFO  – Citrix Health Assistant v1.2.0.34
2017-10-02 09:23:18,525: 1 INFO  – 
2017-10-02 09:23:18,541: 1 INFO  – ***************
2017-10-02 09:23:18,541: 1 INFO  – 
2017-10-02 09:23:23,416: 9 INFO  – 
2017-10-02 09:23:23,479: 9 INFO  – Start VDA health check...
2017-10-02 09:23:23,495: 9 INFO  – >>>>Step 1: (VDA software installation)  Begin. <<<<
2017-10-02 09:23:23,510: 9 INFO  – VDA image path is C:\Program Files\Citrix\Virtual Desktop Agent\BrokerAgent.exe.
2017-10-02 09:23:23,526: 9 INFO  – VDA version number is 7.15.0.82.
2017-10-02 09:23:23,541: 9 INFO  – Registry path at HKEY_LOCAL_MACHINE\SOFTWARE\Citrix\VirtualDesktopAgent is fine.
2017-10-02 09:23:23,557: 9 INFO  – Registry path at HKEY_LOCAL_MACHINE\SOFTWARE\Citrix\VirtualDesktopAgent\InstallData\Location is fine.
2017-10-02 09:23:23,588: 9 INFO  – [UI Message] VDA software installation verified.
2017-10-02 09:23:23,635: 9 INFO  – <<<< Step 1: VDA software installation End. Test Success. >>>>
2017-10-02 09:23:23,651: 9 INFO  – >>>>Step 2: (VDA machine domain membership)  Begin. <<<<
2017-10-02 09:23:23,682: 9 DEBUG – DNS Lookup():
2017-10-02 09:23:23,698: 9 DEBUG – Host Name  = xapbsv3000d.adgbs.com
2017-10-02 09:23:23,713: 9 INFO  – VDA Machine:
2017-10-02 09:23:23,729: 9 DEBUG – NetBIOS Name = XAPBSV3000D
2017-10-02 09:23:23,838: 9 INFO  – OS Version = Microsoft Windows NT 6.1.7601 Service Pack 1
2017-10-02 09:23:23,854: 9 INFO  – Platform = X64 Platform
2017-10-02 09:23:23,870: 9 DEBUG – Computer Domain: adgbs.com
2017-10-02 09:23:23,885: 9 DEBUG – Role = Member Server
2017-10-02 09:23:23,995: 9 DEBUG – Membership is Verified, SID:S-1-5-21-624012844-1664813860-2015929664-291485
2017-10-02 09:23:23,995: 9 DEBUG – Machine domain membership and DNS resolution verified.Machine SID retrieved.
2017-10-02 09:23:24,010: 9 INFO  – [UI Message] Machine domain membership and DNS resolution verified.Machine SID retrieved successfully.
2017-10-02 09:23:24,026: 9 INFO  – <<<< Step 2: VDA machine domain membership End. Test Success. >>>>
2017-10-02 09:23:24,151: 9 INFO  – >>>>Step 3: (VDA communication port availability)  Begin. <<<<
2017-10-02 09:23:24,260: 9 INFO  – [UI Message] Required port access verified.
2017-10-02 09:23:24,276: 9 INFO  – <<<< Step 3: VDA communication port availability End. Test Success. >>>>
2017-10-02 09:23:24,292: 9 INFO  – >>>>Step 4: (VDA services status)  Begin. <<<<
2017-10-02 09:23:24,323: 9 INFO  – OS VDA related services check.
2017-10-02 09:23:24,339: 9 DEBUG – Service : BrokerAgent ("Citrix Desktop Service")
2017-10-02 09:23:24,354: 9 DEBUG – Status = Win32OwnProcess, Running
2017-10-02 09:23:24,370: 9 INFO  – Prereq =
2017-10-02 09:23:24,479: 9 DEBUG – LanmanWorkstation (Win32ShareProcess), Running
2017-10-02 09:23:24,479: 9 INFO  – Service : BrokerAgent is running
2017-10-02 09:23:24,495: 9 INFO  – VDA machine region time is 02/10/2017 9:23:24
2017-10-02 09:23:24,573: 9 INFO  – [UI Message] All VDA services are running No VDA service errors were found in the event log for the past five minutes.
2017-10-02 09:23:24,589: 9 INFO  – <<<< Step 4: VDA services status End. Test Success. >>>>
2017-10-02 09:23:24,604: 9 INFO  – >>>>Step 5: (Windows firewall configuration)  Begin. <<<<
2017-10-02 09:23:24,620: 9 INFO  – Detected that Windows Firewall service is not runnning. Skipping firewall check.
2017-10-02 09:23:24,635: 9 INFO  – [UI Message] The Windows Firewall Service allows communication between the VDA and the Controller.
2017-10-02 09:23:24,729: 9 INFO  – <<<< Step 5: Windows firewall configuration End. Test Success. >>>>
2017-10-02 09:23:24,760: 9 INFO  – >>>>Step 6: (Communication with Controller)  Begin. <<<<
2017-10-02 09:23:24,760: 9 INFO  – Found 0 hosts in hosts file.
2017-10-02 09:23:24,792: 9 DEBUG – Farm GUID (local) : NOT SET
2017-10-02 09:23:24,792: 9 DEBUG – Farm GUID In Use : NOT SET
2017-10-02 09:23:24,807: 9 INFO  – Find farm Guid doesn't Exist.
2017-10-02 09:23:24,823: 9 INFO  – not find any Controller in [VdaData].
2017-10-02 09:23:24,854: 9 INFO  – Registry based Controller list (ListOfDDCs) :
2017-10-02 09:23:24,854: 9 DEBUG – Controller : ddcbsv1001d.adgbs.com:80
2017-10-02 09:23:24,870: 9 DEBUG – DNS Lookup(Local Machine):
2017-10-02 09:23:24,885: 9 DEBUG – Host Name  = ddcbsv1001d.adgbs.com
2017-10-02 09:23:24,917: 9 INFO  – Ping Service: /Citrix/CdsController/IRegistrar
2017-10-02 09:23:24,948: 9 DEBUG – Connect = Tcp to 172.22.248.20:80
2017-10-02 09:23:24,964: 9 INFO  – Service = Listening
2017-10-02 09:23:24,979: 9 DEBUG – Controller : ddcbsv1002d.adgbs.com:80
2017-10-02 09:23:24,979: 9 DEBUG – DNS Lookup(Local Machine):
2017-10-02 09:23:24,995: 9 DEBUG – Host Name  = ddcbsv1002d.adgbs.com
2017-10-02 09:23:25,010: 9 INFO  – Ping Service: /Citrix/CdsController/IRegistrar
2017-10-02 09:23:25,010: 9 DEBUG – Connect = Tcp to 172.22.248.21:80
2017-10-02 09:23:25,026: 9 INFO  – Service = Listening
2017-10-02 09:23:25,042: 9 INFO  – [UI Message] VDA and Controller communication verified.
2017-10-02 09:23:25,057: 9 INFO  – <<<< Step 6: Communication with Controller End. Test Success. >>>>
2017-10-02 09:23:25,073: 9 INFO  – >>>>Step 7: (Time sync with Controller)  Begin. <<<<
2017-10-02 09:23:25,089: 9 DEBUG – Controller:ddcbsv1001d.adgbs.com
2017-10-02 09:23:25,151: 9 DEBUG – Current VDA time is 10/02/2017 07:23:25
2017-10-02 09:23:25,151: 9 DEBUG – Controller ddcbsv1001d.adgbs.com time is 10/02/2017 07:23:25
2017-10-02 09:23:25,167: 9 DEBUG – Controller:ddcbsv1002d.adgbs.com
2017-10-02 09:23:25,245: 9 DEBUG – Current VDA time is 10/02/2017 07:23:25
2017-10-02 09:23:25,307: 9 DEBUG – Controller ddcbsv1002d.adgbs.com time is 10/02/2017 07:23:25
2017-10-02 09:23:25,323: 9 INFO  – [UI Message] The time difference between Controller and VDA is less than five minutes.
2017-10-02 09:23:25,339: 9 INFO  – <<<< Step 7: Time sync with Controller End. Test Success. >>>>
2017-10-02 09:23:25,339: 9 INFO  – >>>>Step 8: (VDA registration status)  Begin. <<<<
2017-10-02 09:23:25,354: 9 INFO  – VDA Registered status is 2
2017-10-02 09:23:25,370: 9 DEBUG – Registered Controller FQDN is ddcbsv1002d.adgbs.com
2017-10-02 09:23:25,386: 9 INFO  – Registered time is 10/02/2017 07:20:48
2017-10-02 09:23:25,386: 9 INFO  – [UI Message] VDA is registered.
2017-10-02 09:23:25,401: 9 INFO  – <<<< Step 8: VDA registration status End. Test Success. >>>>
2017-10-02 09:23:25,417: 9 INFO  – >>>>Step 9: (Session launch communication port availability)  Begin. <<<<
2017-10-02 09:23:25,698: 9 INFO  – [UI Message] Required port access verified.
2017-10-02 09:23:25,698: 9 INFO  – <<<< Step 9: Session launch communication port availability End. Test Success. >>>>
2017-10-02 09:23:25,714: 9 INFO  – >>>>Step 10: (Session launch services status)  Begin. <<<<
2017-10-02 09:23:25,729: 9 INFO  – OS VDA session launch related services check.
2017-10-02 09:23:25,745: 9 DEBUG – Service : Citrix Encryption Service ("Citrix Encryption Service")
2017-10-02 09:23:25,761: 9 DEBUG – Status = Win32OwnProcess, Running
2017-10-02 09:23:25,776: 9 INFO  – Service : Citrix Encryption Service is running
2017-10-02 09:23:25,792: 9 DEBUG – Service : cpsvc ("Citrix Print Manager Service")
2017-10-02 09:23:25,808: 9 DEBUG – Status = Win32OwnProcess, Running
2017-10-02 09:23:25,917: 9 INFO  – Prereq =
2017-10-02 09:23:25,948: 9 DEBUG – RpcSs (Win32ShareProcess), Running
2017-10-02 09:23:25,948: 9 DEBUG – Spooler (Win32OwnProcess, InteractiveProcess), Running
2017-10-02 09:23:25,964: 9 INFO  – Service : cpsvc is running
2017-10-02 09:23:26,073: 9 INFO  – VDA ProvisioningType is not MCS.
2017-10-02 09:23:26,089: 9 INFO  – OS VDA session launch related services check.
2017-10-02 09:23:26,104: 9 DEBUG – Service : CtxFlashSvc ("Servicio Citrix HDX MediaStream para Flash")
2017-10-02 09:23:26,104: 9 DEBUG – Status = Win32OwnProcess, Running
2017-10-02 09:23:26,120: 9 INFO  – Service : CtxFlashSvc is running
2017-10-02 09:23:26,136: 9 DEBUG – Service : CitrixCseEngine ("Citrix Group Policy Engine")
2017-10-02 09:23:26,245: 9 DEBUG – Status = Win32OwnProcess, Running
2017-10-02 09:23:26,261: 9 INFO  – Prereq =
2017-10-02 09:23:26,276: 9 DEBUG – RpcSs (Win32ShareProcess), Running
2017-10-02 09:23:26,292: 9 INFO  – Service : CitrixCseEngine is running
2017-10-02 09:23:26,308: 9 INFO  – VDA machine region time is 02/10/2017 9:23:26
2017-10-02 09:23:26,354: 9 INFO  – [UI Message] All session launch related services are verified on VDA. No service errors were found in the event log for the past five minutes.
2017-10-02 09:23:26,370: 9 INFO  – <<<< Step 10: Session launch services status End. Test Success. >>>>
2017-10-02 09:23:26,386: 9 INFO  – >>>>Step 11: (Session launch windows firewall configuration)  Begin. <<<<
2017-10-02 09:23:26,401: 9 INFO  – Detected that Windows Firewall service is not runnning. Skipping firewall check.
2017-10-02 09:23:26,417: 9 INFO  – Detected that Windows Firewall service is not runnning. Skipping firewall check.
2017-10-02 09:23:26,417: 9 INFO  – [UI Message] The Windows Firewall Service allows communication between the VDA and the Controller.
2017-10-02 09:23:26,433: 9 INFO  – <<<< Step 11: Session launch windows firewall configuration End. Test Success. >>>>
2017-10-02 09:23:26,448: 9 INFO  – All tests passed. The VDA can communicate and register with the Controller.
2017-10-02 09:23:26,933: 1 INFO  – Start uploading log to Citrix Insight Service...
2017-10-02 09:23:48,061: 1 DEBUG – Log data (0 of 0) bytes unsuccessfully uploaded.
2017-10-02 09:23:48,077: 1 INFO  – Failed to uploaded log to Citrix Insight Service.
2017-12-29 10:48:26,776: 1 INFO  – 
2017-12-29 10:48:26,827: 1 INFO  – ***************
2017-12-29 10:48:26,853: 1 INFO  – 
2017-12-29 10:48:26,879: 1 INFO  – Citrix Health Assistant v1.2.0.34
2017-12-29 10:48:26,883: 1 INFO  – 
2017-12-29 10:48:26,899: 1 INFO  – ***************
2017-12-29 10:48:26,911: 1 INFO  – 
2017-12-29 10:49:02,678: 1 DEBUG – Ping host wcpnhidsd160.tsb.banks.adgbs.com result is Success.
2017-12-29 10:49:03,295: 1 ERROR – Test credential to Machine wcpnhidsd160.tsb.banks.adgbs.com failed! - Error: Access is denied. (Exception from HRESULT: 0x80070005 (E_ACCESSDENIED))
2017-12-29 10:49:12,735: 1 DEBUG – Ping host wcpnhidsd160.tsb.banks.adgbs.com result is Success.
2017-12-29 10:49:15,434: 5 INFO  – 
2017-12-29 10:49:15,456: 5 INFO  – Start VDA health remote check...
2017-12-29 10:49:16,461: 5 DEBUG – Copy file CitrixHealthAssistant.exe successfully.
2017-12-29 10:49:16,772: 5 DEBUG – Copy file CitrixHealthAssistant.exe.config successfully.
2017-12-29 10:49:17,155: 5 DEBUG – Copy file Interop.NetFwTypeLib.dll successfully.
2017-12-29 10:49:17,654: 5 DEBUG – Copy file log4net.dll successfully.
2017-12-29 10:49:18,114: 5 DEBUG – Copy file VDAAssistant.Backend.dll successfully.
2017-12-29 10:49:18,433: 5 DEBUG – Copy file VDAAssistant.CommonInterface.dll successfully.
2017-12-29 10:49:18,801: 5 DEBUG – Copy file VDAAssistant.UILibrary.dll successfully.
2017-12-29 10:49:19,121: 5 DEBUG – Copy file log4net.config successfully.
2017-12-29 10:49:25,022: 5 DEBUG – Remove file \\wcpnhidsd160.tsb.banks.adgbs.com\Admin$\Temp\CitrixHealthAssistant.exe successfully.
2017-12-29 10:49:25,331: 5 DEBUG – Remove file \\wcpnhidsd160.tsb.banks.adgbs.com\Admin$\Temp\CitrixHealthAssistant.exe.config successfully.
2017-12-29 10:49:25,632: 5 DEBUG – Remove file \\wcpnhidsd160.tsb.banks.adgbs.com\Admin$\Temp\Interop.NetFwTypeLib.dll successfully.
2017-12-29 10:49:25,949: 5 DEBUG – Remove file \\wcpnhidsd160.tsb.banks.adgbs.com\Admin$\Temp\log4net.dll successfully.
2017-12-29 10:49:26,238: 5 DEBUG – Remove file \\wcpnhidsd160.tsb.banks.adgbs.com\Admin$\Temp\VDAAssistant.Backend.dll successfully.
2017-12-29 10:49:26,531: 5 DEBUG – Remove file \\wcpnhidsd160.tsb.banks.adgbs.com\Admin$\Temp\VDAAssistant.CommonInterface.dll successfully.
2017-12-29 10:49:26,859: 5 DEBUG – Remove file \\wcpnhidsd160.tsb.banks.adgbs.com\Admin$\Temp\VDAAssistant.UILibrary.dll successfully.
2017-12-29 10:49:27,180: 5 DEBUG – Remove file \\wcpnhidsd160.tsb.banks.adgbs.com\Admin$\Temp\log4net.config successfully.
2017-12-29 10:49:27,568: 5 DEBUG – Remove file CitrixHealthAssistant.log successfully.
2017-12-29 10:49:31,184: 5 INFO  – All tests passed. The VDA can communicate and register with the Controller.
2017-12-29 10:49:31,457: 1 INFO  – Start uploading log to Citrix Insight Service...
2017-12-29 10:49:32,058: 1 DEBUG – Log data (0 of 0) bytes unsuccessfully uploaded.
2017-12-29 10:49:32,073: 1 INFO  – Failed to uploaded log to Citrix Insight Service.
2018-03-05 09:25:31,592: 1 INFO  – 
2018-03-05 09:25:31,618: 1 INFO  – ***************
2018-03-05 09:25:31,645: 1 INFO  – 
2018-03-05 09:25:31,656: 1 INFO  – Citrix Health Assistant v1.2.0.34
2018-03-05 09:25:31,667: 1 INFO  – 
2018-03-05 09:25:31,677: 1 INFO  – ***************
2018-03-05 09:25:31,686: 1 INFO  – 
2018-03-05 09:26:15,422: 1 DEBUG – Ping host wcpfhidvp002.tsb.banks.adgbs.com result is Success.
2018-03-05 09:26:36,560: 1 ERROR – Test credential to Machine wcpfhidvp002.tsb.banks.adgbs.com failed! - Error: El servidor RPC no está disponible. (Exception from HRESULT: 0x800706BA)
2018-03-05 09:27:00,506: 1 DEBUG – Ping host wcpfhidvp002.tsb.banks.adgbs.com result is Success.
2018-03-05 09:27:21,400: 1 ERROR – Test credential to Machine wcpfhidvp002.tsb.banks.adgbs.com failed! - Error: El servidor RPC no está disponible. (Exception from HRESULT: 0x800706BA)
2018-03-05 08:30:23,910: 1 INFO  – 
2018-03-05 08:30:23,926: 1 INFO  – ***************
2018-03-05 08:30:23,926: 1 INFO  – 
2018-03-05 08:30:23,941: 1 INFO  – Citrix Health Assistant v1.2.0.34
2018-03-05 08:30:23,941: 1 INFO  – 
2018-03-05 08:30:23,941: 1 INFO  – ***************
2018-03-05 08:30:23,957: 1 INFO  – 
2018-03-05 08:30:45,007: 1 INFO  – 
2018-03-05 08:30:45,038: 1 INFO  – ***************
2018-03-05 08:30:45,054: 1 INFO  – 
2018-03-05 08:30:45,069: 1 INFO  – Citrix Health Assistant v1.2.0.34
2018-03-05 08:30:45,069: 1 INFO  – 
2018-03-05 08:30:45,085: 1 INFO  – ***************
2018-03-05 08:30:45,100: 1 INFO  – 
2018-03-05 08:31:04,455: 1 DEBUG – Ping host localhost result is Success.
2018-03-05 08:31:04,471: 1 ERROR – Test credential to Machine localhost failed! - Error: User credentials cannot be used for local connections 
2018-03-05 08:31:12,072: 1 DEBUG – Ping host localhost result is Success.
2018-03-05 08:31:12,088: 1 ERROR – Test credential to Machine localhost failed! - Error: User credentials cannot be used for local connections 
2018-03-05 08:31:17,947: 1 DEBUG – Ping host localhost result is Success.
2018-03-05 08:31:18,119: 1 ERROR – Test credential to Machine localhost failed! - Error: User credentials cannot be used for local connections 
2018-03-05 08:31:27,393: 1 DEBUG – Ping host localhost result is Success.
2018-03-05 08:31:27,408: 1 ERROR – Test credential to Machine localhost failed! - Error: User credentials cannot be used for local connections 
2018-03-05 08:31:30,549: 1 DEBUG – Ping host localhost result is Success.
2018-03-05 08:31:30,565: 1 ERROR – Test credential to Machine localhost failed! - Error: User credentials cannot be used for local connections 
2018-03-05 08:31:40,443: 1 DEBUG – Ping host localhost result is Success.
2018-03-05 08:31:40,443: 1 ERROR – Test credential to Machine localhost failed! - Error: User credentials cannot be used for local connections 
2018-03-05 08:31:45,606: 6 INFO  – 
2018-03-05 08:31:45,668: 6 INFO  – Start VDA health check...
2018-03-05 08:31:45,684: 6 INFO  – >>>>Step 1: (VDA software installation)  Begin. <<<<
2018-03-05 08:31:45,701: 6 INFO  – VDA image path is C:\Program Files\Citrix\Virtual Desktop Agent\BrokerAgent.exe.
2018-03-05 08:31:45,715: 6 INFO  – VDA version number is 7.15.0.82.
2018-03-05 08:31:45,715: 6 INFO  – Registry path at HKEY_LOCAL_MACHINE\SOFTWARE\Citrix\VirtualDesktopAgent is fine.
2018-03-05 08:31:45,731: 6 INFO  – Registry path at HKEY_LOCAL_MACHINE\SOFTWARE\Citrix\VirtualDesktopAgent\InstallData\Location is fine.
2018-03-05 08:31:45,731: 6 INFO  – [UI Message] VDA software installation verified.
2018-03-05 08:31:45,747: 6 INFO  – <<<< Step 1: VDA software installation End. Test Success. >>>>
2018-03-05 08:31:45,762: 6 INFO  – >>>>Step 2: (VDA machine domain membership)  Begin. <<<<
2018-03-05 08:31:45,778: 6 DEBUG – DNS Lookup():
2018-03-05 08:31:45,793: 6 DEBUG – Host Name  = wcpfhidvp002.tsb.banks.adgbs.com
2018-03-05 08:31:45,809: 6 INFO  – VDA Machine:
2018-03-05 08:31:45,809: 6 DEBUG – NetBIOS Name = WCPFHIDVP002
2018-03-05 08:31:45,825: 6 INFO  – OS Version = Microsoft Windows NT 6.2.9200.0
2018-03-05 08:31:45,825: 6 INFO  – Platform = X64 Platform
2018-03-05 08:31:45,856: 6 DEBUG – Computer Domain: tsb.banks.adgbs.com
2018-03-05 08:31:45,856: 6 DEBUG – Role = Member Workstation
2018-03-05 08:31:45,934: 6 ERROR – Exception details : The user name or password is incorrect.
.
2018-03-05 08:31:45,950: 6 INFO  – [UI Message] Cannot contact the domain controller. Check DNS and network settings.
2018-03-05 08:31:45,965: 6 INFO  – <<<< Step 2: VDA machine domain membership End. Test Error. >>>>
2018-03-05 08:31:45,965: 6 INFO  – One or more tests failed. Review the results and recommended actions for the failed test. Then run the health check again.
2018-03-05 08:31:46,122: 1 INFO  – Start uploading log to Citrix Insight Service...
2018-03-05 08:32:07,698: 1 DEBUG – Log data (0 of 0) bytes unsuccessfully uploaded.
2018-03-05 08:32:07,713: 1 INFO  – Failed to uploaded log to Citrix Insight Service.
2018-03-06 07:10:43,958: 1 INFO  – 
2018-03-06 07:10:43,989: 1 INFO  – ***************
2018-03-06 07:10:44,005: 1 INFO  – 
2018-03-06 07:10:44,020: 1 INFO  – Citrix Health Assistant v1.2.0.34
2018-03-06 07:10:44,020: 1 INFO  – 
2018-03-06 07:10:44,036: 1 INFO  – ***************
2018-03-06 07:10:44,036: 1 INFO  – 
2018-03-06 07:10:52,349: 9 INFO  – 
2018-03-06 07:10:52,349: 9 INFO  – Start VDA health check...
2018-03-06 07:10:52,365: 9 INFO  – >>>>Step 1: (VDA software installation)  Begin. <<<<
2018-03-06 07:10:52,380: 9 INFO  – VDA image path is C:\Program Files\Citrix\Virtual Desktop Agent\BrokerAgent.exe.
2018-03-06 07:10:52,396: 9 INFO  – VDA version number is 7.15.0.82.
2018-03-06 07:10:52,412: 9 INFO  – Registry path at HKEY_LOCAL_MACHINE\SOFTWARE\Citrix\VirtualDesktopAgent is fine.
2018-03-06 07:10:52,427: 9 INFO  – Registry path at HKEY_LOCAL_MACHINE\SOFTWARE\Citrix\VirtualDesktopAgent\InstallData\Location is fine.
2018-03-06 07:10:52,458: 9 INFO  – [UI Message] VDA software installation verified.
2018-03-06 07:10:52,458: 9 INFO  – <<<< Step 1: VDA software installation End. Test Success. >>>>
2018-03-06 07:10:52,474: 9 INFO  – >>>>Step 2: (VDA machine domain membership)  Begin. <<<<
2018-03-06 07:10:52,505: 9 DEBUG – DNS Lookup():
2018-03-06 07:10:52,568: 9 DEBUG – Host Name  = wcpnhidvp003.tsb.banks.adgbs.com
2018-03-06 07:10:52,615: 9 INFO  – VDA Machine:
2018-03-06 07:10:52,630: 9 DEBUG – NetBIOS Name = WCPNHIDVP003
2018-03-06 07:10:52,646: 9 INFO  – OS Version = Microsoft Windows NT 6.2.9200.0
2018-03-06 07:10:52,646: 9 INFO  – Platform = X64 Platform
2018-03-06 07:10:52,662: 9 DEBUG – Computer Domain: tsb.banks.adgbs.com
2018-03-06 07:10:52,677: 9 DEBUG – Role = Member Workstation
2018-03-06 07:10:52,802: 9 ERROR – Exception details : The user name or password is incorrect.
.
2018-03-06 07:10:52,818: 9 INFO  – [UI Message] Cannot contact the domain controller. Check DNS and network settings.
2018-03-06 07:10:52,818: 9 INFO  – <<<< Step 2: VDA machine domain membership End. Test Error. >>>>
2018-03-06 07:10:52,833: 9 INFO  – One or more tests failed. Review the results and recommended actions for the failed test. Then run the health check again.
2018-03-06 07:10:52,880: 1 INFO  – Start uploading log to Citrix Insight Service...
2018-03-06 07:10:53,672: 1 DEBUG – Log data (0 of 0) bytes unsuccessfully uploaded.
2018-03-06 07:10:53,672: 1 INFO  – Failed to uploaded log to Citrix Insight Service.
2018-03-06 07:11:41,895: 1 INFO  – 
2018-03-06 07:11:41,910: 1 INFO  – ***************
2018-03-06 07:11:41,926: 1 INFO  – 
2018-03-06 07:11:41,942: 1 INFO  – Citrix Health Assistant v1.2.0.34
2018-03-06 07:11:41,942: 1 INFO  – 
2018-03-06 07:11:41,957: 1 INFO  – ***************
2018-03-06 07:11:41,957: 1 INFO  – 
2018-03-06 07:12:13,608: 9 INFO  – 
2018-03-06 07:12:13,624: 9 INFO  – Start VDA health check...
2018-03-06 07:12:13,642: 9 INFO  – >>>>Step 1: (VDA software installation)  Begin. <<<<
2018-03-06 07:12:13,671: 9 INFO  – VDA image path is C:\Program Files\Citrix\Virtual Desktop Agent\BrokerAgent.exe.
2018-03-06 07:12:13,671: 9 INFO  – VDA version number is 7.15.0.82.
2018-03-06 07:12:13,688: 9 INFO  – Registry path at HKEY_LOCAL_MACHINE\SOFTWARE\Citrix\VirtualDesktopAgent is fine.
2018-03-06 07:12:13,702: 9 INFO  – Registry path at HKEY_LOCAL_MACHINE\SOFTWARE\Citrix\VirtualDesktopAgent\InstallData\Location is fine.
2018-03-06 07:12:13,718: 9 INFO  – [UI Message] VDA software installation verified.
2018-03-06 07:12:13,718: 9 INFO  – <<<< Step 1: VDA software installation End. Test Success. >>>>
2018-03-06 07:12:13,733: 9 INFO  – >>>>Step 2: (VDA machine domain membership)  Begin. <<<<
2018-03-06 07:12:13,733: 9 DEBUG – DNS Lookup():
2018-03-06 07:12:13,749: 9 DEBUG – Host Name  = wcpnhidvp003.tsb.banks.adgbs.com
2018-03-06 07:12:13,765: 9 INFO  – VDA Machine:
2018-03-06 07:12:13,765: 9 DEBUG – NetBIOS Name = WCPNHIDVP003
2018-03-06 07:12:13,765: 9 INFO  – OS Version = Microsoft Windows NT 6.2.9200.0
2018-03-06 07:12:13,780: 9 INFO  – Platform = X64 Platform
2018-03-06 07:12:13,796: 9 DEBUG – Computer Domain: tsb.banks.adgbs.com
2018-03-06 07:12:13,811: 9 DEBUG – Role = Member Workstation
2018-03-06 07:12:13,843: 9 ERROR – Exception details : The user name or password is incorrect.
.
2018-03-06 07:12:13,843: 9 INFO  – [UI Message] Cannot contact the domain controller. Check DNS and network settings.
2018-03-06 07:12:13,858: 9 INFO  – <<<< Step 2: VDA machine domain membership End. Test Error. >>>>
2018-03-06 07:12:13,858: 9 INFO  – One or more tests failed. Review the results and recommended actions for the failed test. Then run the health check again.
2018-03-06 07:12:14,115: 1 INFO  – Start uploading log to Citrix Insight Service...
2018-03-06 07:12:14,503: 1 DEBUG – Log data (0 of 0) bytes unsuccessfully uploaded.
2018-03-06 07:12:14,503: 1 INFO  – Failed to uploaded log to Citrix Insight Service.
2018-03-06 08:04:00,205: 1 INFO  – 
2018-03-06 08:04:00,221: 1 INFO  – ***************
2018-03-06 08:04:00,236: 1 INFO  – 
2018-03-06 08:04:00,236: 1 INFO  – Citrix Health Assistant v1.2.0.34
2018-03-06 08:04:00,252: 1 INFO  – 
2018-03-06 08:04:00,252: 1 INFO  – ***************
2018-03-06 08:04:00,268: 1 INFO  – 
2018-03-06 08:04:05,636: 9 INFO  – 
2018-03-06 08:04:05,636: 9 INFO  – Start VDA health check...
2018-03-06 08:04:05,652: 9 INFO  – >>>>Step 1: (VDA software installation)  Begin. <<<<
2018-03-06 08:04:05,652: 9 INFO  – VDA image path is C:\Program Files\Citrix\Virtual Desktop Agent\BrokerAgent.exe.
2018-03-06 08:04:05,667: 9 INFO  – VDA version number is 7.15.0.82.
2018-03-06 08:04:05,667: 9 INFO  – Registry path at HKEY_LOCAL_MACHINE\SOFTWARE\Citrix\VirtualDesktopAgent is fine.
2018-03-06 08:04:05,683: 9 INFO  – Registry path at HKEY_LOCAL_MACHINE\SOFTWARE\Citrix\VirtualDesktopAgent\InstallData\Location is fine.
2018-03-06 08:04:05,699: 9 INFO  – [UI Message] VDA software installation verified.
2018-03-06 08:04:05,714: 9 INFO  – <<<< Step 1: VDA software installation End. Test Success. >>>>
2018-03-06 08:04:05,730: 9 INFO  – >>>>Step 2: (VDA machine domain membership)  Begin. <<<<
2018-03-06 08:04:05,730: 9 DEBUG – DNS Lookup():
2018-03-06 08:04:05,746: 9 DEBUG – Host Name  = wcpnhidvp003.tsb.banks.adgbs.com
2018-03-06 08:04:05,761: 9 INFO  – VDA Machine:
2018-03-06 08:04:05,761: 9 DEBUG – NetBIOS Name = WCPNHIDVP003
2018-03-06 08:04:05,777: 9 INFO  – OS Version = Microsoft Windows NT 6.2.9200.0
2018-03-06 08:04:05,777: 9 INFO  – Platform = X64 Platform
2018-03-06 08:04:05,792: 9 DEBUG – Computer Domain: tsb.banks.adgbs.com
2018-03-06 08:04:05,792: 9 DEBUG – Role = Member Workstation
2018-03-06 08:04:05,824: 9 ERROR – Exception details : The user name or password is incorrect.
.
2018-03-06 08:04:05,839: 9 INFO  – [UI Message] Cannot contact the domain controller. Check DNS and network settings.
2018-03-06 08:04:05,839: 9 INFO  – <<<< Step 2: VDA machine domain membership End. Test Error. >>>>
2018-03-06 08:04:05,855: 9 INFO  – One or more tests failed. Review the results and recommended actions for the failed test. Then run the health check again.
2018-03-06 08:04:06,120: 1 INFO  – Start uploading log to Citrix Insight Service...
2018-03-06 08:04:07,107: 1 DEBUG – Log data (0 of 0) bytes unsuccessfully uploaded.
2018-03-06 08:04:07,107: 1 INFO  – Failed to uploaded log to Citrix Insight Service.
